app/build/outputs/logs/manifest-merger-debug-report.txt
-- Merging decision tree log ---
manifest
ADDED from src\main\AndroidManifest.xml:2:1-126:12
	package
		ADDED from src\main\AndroidManifest.xml:3:11-44
		INJECTED from src\main\AndroidManifest.xml
		INJECTED from src\main\AndroidManifest.xml
	android:versionName
		ADDED from src\main\AndroidManifest.xml:5:11-36
		INJECTED from src\main\AndroidManifest.xml
		INJECTED from src\main\AndroidManifest.xml
	android:versionCode
		ADDED from src\main\AndroidManifest.xml:4:11-34
		INJECTED from src\main\AndroidManifest.xml
		INJECTED from src\main\AndroidManifest.xml
	xmlns:android
		ADDED from src\main\AndroidManifest.xml:2:11-69
uses-sdk
ADDED from src\main\AndroidManifest.xml:7:5-9:44
MERGED from [:zxing-1.8.4:] AndroidManifest.xml:7:5-9:41
MERGED from [:barcodescanner-core-1.8.4:] AndroidManifest.xml:7:5-9:41
MERGED from [:volley-1.0.0:] AndroidManifest.xml:7:5-43
MERGED from [:LiteAVSDK_UGC:] AndroidManifest.xml:7:5-9:41
MERGED from [com.android.support:recyclerview-v7:25.3.1] AndroidManifest.xml:20:5-43
MERGED from [com.android.support:appcompat-v7:25.3.1] AndroidManifest.xml:21:5-23:78
MERGED from [com.android.support:support-v4:25.3.1] AndroidManifest.xml:21:5-23:54
MERGED from [com.android.support:support-fragment:25.3.1] AndroidManifest.xml:21:5-23:60
MERGED from [com.android.support:support-media-compat:25.3.1] AndroidManifest.xml:21:5-23:63
MERGED from [com.android.support:support-core-ui:25.3.1] AndroidManifest.xml:21:5-23:58
MERGED from [com.android.support:support-core-utils:25.3.1] AndroidManifest.xml:21:5-23:61
MERGED from [com.android.support:animated-vector-drawable:25.3.1] AndroidManifest.xml:20:5-44
MERGED from [com.android.support:support-vector-drawable:25.3.1] AndroidManifest.xml:20:5-43
MERGED from [com.android.support:support-compat:25.3.1] AndroidManifest.xml:21:5-23:58
	tools:overrideLibrary
		ADDED from [com.android.support:appcompat-v7:25.3.1] AndroidManifest.xml:23:9-75
	android:targetSdkVersion
		ADDED from src\main\AndroidManifest.xml:9:13-42
		INJECTED from src\main\AndroidManifest.xml
		INJECTED from src\main\AndroidManifest.xml
	android:minSdkVersion
		ADDED from src\main\AndroidManifest.xml:8:13-39
		INJECTED from src\main\AndroidManifest.xml
		INJECTED from src\main\AndroidManifest.xml
uses-permission#android.permission.INTERNET
ADDED from src\main\AndroidManifest.xml:11:5-66
	android:name
		ADDED from src\main\AndroidManifest.xml:11:22-64
uses-permission#android.permission.ACCESS_NETWORK_STATE
ADDED from src\main\AndroidManifest.xml:12:5-78
	android:name
		ADDED from src\main\AndroidManifest.xml:12:22-76
uses-permission#android.permission.ACCESS_WIFI_STATE
ADDED from src\main\AndroidManifest.xml:13:5-75
MERGED from [:LiteAVSDK_UGC:] AndroidManifest.xml:15:5-76
	android:name
		ADDED from src\main\AndroidManifest.xml:13:22-73
uses-permission#android.permission.READ_PHONE_STATE
ADDED from src\main\AndroidManifest.xml:14:5-74
	android:name
		ADDED from src\main\AndroidManifest.xml:14:22-72
uses-permission#android.permission.CALL_PHONE
ADDED from src\main\AndroidManifest.xml:15:5-68
	android:name
		ADDED from src\main\AndroidManifest.xml:15:22-66
uses-permission#android.permission.WRITE_EXTERNAL_STORAGE
ADDED from src\main\AndroidManifest.xml:16:5-80
MERGED from [:LiteAVSDK_UGC:] AndroidManifest.xml:14:5-81
	android:name
		ADDED from src\main\AndroidManifest.xml:16:22-78
uses-permission#android.permission.READ_EXTERNAL_STORAGE
ADDED from src\main\AndroidManifest.xml:17:5-79
	android:name
		ADDED from src\main\AndroidManifest.xml:17:22-77
uses-permission#android.permission.READ_LOGS
ADDED from src\main\AndroidManifest.xml:18:5-67
	android:name
		ADDED from src\main\AndroidManifest.xml:18:22-65
uses-permission#android.permission.RECORD_AUDIO
ADDED from src\main\AndroidManifest.xml:19:5-70
MERGED from [:LiteAVSDK_UGC:] AndroidManifest.xml:12:5-71
	android:name
		ADDED from src\main\AndroidManifest.xml:19:22-68
uses-permission#android.permission.CAMERA
ADDED from src\main\AndroidManifest.xml:20:5-64
MERGED from [:LiteAVSDK_UGC:] AndroidManifest.xml:11:5-65
	android:name
		ADDED from src\main\AndroidManifest.xml:20:22-62
uses-permission#android.permission.CAPTURE_AUDIO_OUTPUT
ADDED from src\main\AndroidManifest.xml:21:5-78
	android:name
		ADDED from src\main\AndroidManifest.xml:21:22-76
uses-permission#android.permission.CAPTURE_VIDEO_OUTPUT
ADDED from src\main\AndroidManifest.xml:22:5-78
	android:name
		ADDED from src\main\AndroidManifest.xml:22:22-76
uses-permission#android.permission.MODIFY_AUDIO_SETTINGS
ADDED from src\main\AndroidManifest.xml:23:5-79
	android:name
		ADDED from src\main\AndroidManifest.xml:23:22-77
uses-permission#android.permission.BLUETOOTH
ADDED from src\main\AndroidManifest.xml:24:5-67
	android:name
		ADDED from src\main\AndroidManifest.xml:24:22-65
uses-feature#android.hardware.camera
ADDED from src\main\AndroidManifest.xml:26:5-59
	android:name
		ADDED from src\main\AndroidManifest.xml:26:19-57
uses-feature#android.hardware.camera.autofocus
ADDED from src\main\AndroidManifest.xml:27:5-69
	android:name
		ADDED from src\main\AndroidManifest.xml:27:19-67
uses-permission#android.permission.CHANGE_CONFIGURATION
ADDED from src\main\AndroidManifest.xml:29:5-78
	android:name
		ADDED from src\main\AndroidManifest.xml:29:22-76
uses-permission#android.permission.WRITE_SETTINGS
ADDED from src\main\AndroidManifest.xml:30:5-72
	android:name
		ADDED from src\main\AndroidManifest.xml:30:22-70
application
ADDED from src\main\AndroidManifest.xml:34:5-124:19
MERGED from [:zxing-1.8.4:] AndroidManifest.xml:11:5-20
MERGED from [:barcodescanner-core-1.8.4:] AndroidManifest.xml:11:5-20
MERGED from [:volley-1.0.0:] AndroidManifest.xml:9:5-20
MERGED from [:LiteAVSDK_UGC:] AndroidManifest.xml:17:5-21:19
MERGED from [com.android.support:appcompat-v7:25.3.1] AndroidManifest.xml:29:5-20
MERGED from [com.android.support:support-v4:25.3.1] AndroidManifest.xml:29:5-20
MERGED from [com.android.support:support-fragment:25.3.1] AndroidManifest.xml:29:5-20
MERGED from [com.android.support:support-media-compat:25.3.1] AndroidManifest.xml:29:5-20
MERGED from [com.android.support:support-core-ui:25.3.1] AndroidManifest.xml:29:5-20
MERGED from [com.android.support:support-core-utils:25.3.1] AndroidManifest.xml:29:5-20
MERGED from [com.android.support:animated-vector-drawable:25.3.1] AndroidManifest.xml:26:5-20
MERGED from [com.android.support:support-vector-drawable:25.3.1] AndroidManifest.xml:26:5-20
MERGED from [com.android.support:support-compat:25.3.1] AndroidManifest.xml:29:5-20
	android:label
		ADDED from src\main\AndroidManifest.xml:38:13-45
	android:supportsRtl
		ADDED from [:LiteAVSDK_UGC:] AndroidManifest.xml:20:9-35
	android:allowBackup
		ADDED from src\main\AndroidManifest.xml:36:13-39
	android:icon
		ADDED from src\main\AndroidManifest.xml:37:13-49
	android:largeHeap
		ADDED from src\main\AndroidManifest.xml:39:13-37
	android:theme
		ADDED from src\main\AndroidManifest.xml:40:13-44
	android:name
		ADDED from src\main\AndroidManifest.xml:35:13-44
activity#com.tencent.liteav.demo.MainActivity
ADDED from src\main\AndroidManifest.xml:41:9-52:20
	android:screenOrientation
		ADDED from src\main\AndroidManifest.xml:46:17-53
	android:label
		ADDED from src\main\AndroidManifest.xml:44:17-49
	android:launchMode
		ADDED from src\main\AndroidManifest.xml:45:17-47
	android:configChanges
		ADDED from src\main\AndroidManifest.xml:43:17-78
	android:name
		ADDED from src\main\AndroidManifest.xml:42:17-45
intent-filter#android.intent.action.MAIN+android.intent.category.LAUNCHER
ADDED from src\main\AndroidManifest.xml:47:13-51:29
action#android.intent.action.MAIN
ADDED from src\main\AndroidManifest.xml:48:17-68
	android:name
		ADDED from src\main\AndroidManifest.xml:48:25-66
category#android.intent.category.LAUNCHER
ADDED from src\main\AndroidManifest.xml:50:17-76
	android:name
		ADDED from src\main\AndroidManifest.xml:50:27-74
activity#com.tencent.liteav.demo.common.activity.QRCodeScanActivity
ADDED from src\main\AndroidManifest.xml:53:9-56:20
	android:screenOrientation
		ADDED from src\main\AndroidManifest.xml:55:17-53
	android:name
		ADDED from src\main\AndroidManifest.xml:54:17-67
activity#com.tencent.liteav.demo.push.LivePublisherActivity
ADDED from src\main\AndroidManifest.xml:57:9-60:66
	android:windowSoftInputMode
		ADDED from src\main\AndroidManifest.xml:60:13-64
	android:configChanges
		ADDED from src\main\AndroidManifest.xml:59:13-74
	android:name
		ADDED from src\main\AndroidManifest.xml:58:17-59
activity#com.tencent.liteav.demo.play.LivePlayerActivity
ADDED from src\main\AndroidManifest.xml:62:9-64:55
	android:screenOrientation
		ADDED from src\main\AndroidManifest.xml:64:17-53
	android:name
		ADDED from src\main\AndroidManifest.xml:63:17-56
activity#com.tencent.liteav.demo.linkmic.LinkMicActivity
ADDED from src\main\AndroidManifest.xml:65:9-68:66
	android:screenOrientation
		ADDED from src\main\AndroidManifest.xml:67:13-49
	android:windowSoftInputMode
		ADDED from src\main\AndroidManifest.xml:68:13-64
	android:name
		ADDED from src\main\AndroidManifest.xml:66:13-52
activity#com.tencent.liteav.demo.play.VodPlayerActivity
ADDED from src\main\AndroidManifest.xml:73:9-74:51
	android:screenOrientation
		ADDED from src\main\AndroidManifest.xml:74:13-49
	android:name
		ADDED from src\main\AndroidManifest.xml:73:19-57
activity#com.tencent.liteav.demo.videorecord.TCVideoRecordActivity
ADDED from src\main\AndroidManifest.xml:75:9-77:80
	android:configChanges
		ADDED from src\main\AndroidManifest.xml:77:17-78
	android:name
		ADDED from src\main\AndroidManifest.xml:76:17-66
activity#com.tencent.liteav.demo.videorecord.TCVideoSettingActivity
ADDED from src\main\AndroidManifest.xml:79:9-80:77
	android:configChanges
		ADDED from src\main\AndroidManifest.xml:80:13-74
	android:name
		ADDED from src\main\AndroidManifest.xml:79:19-69
activity#com.tencent.liteav.demo.common.activity.videopreview.TCVideoPreviewActivity
ADDED from src\main\AndroidManifest.xml:82:9-83:55
	android:screenOrientation
		ADDED from src\main\AndroidManifest.xml:83:17-53
	android:name
		ADDED from src\main\AndroidManifest.xml:82:19-86
activity#com.tencent.rtmp.video.TXScreenCapture$TXScreenCaptureAssistantActivity
ADDED from src\main\AndroidManifest.xml:85:9-87:67
	android:theme
		ADDED from src\main\AndroidManifest.xml:87:17-65
	android:name
		ADDED from src\main\AndroidManifest.xml:86:17-103
activity#com.tencent.liteav.demo.shortvideo.choose.TCVideoChooseActivity
ADDED from src\main\AndroidManifest.xml:89:9-91:55
	android:screenOrientation
		ADDED from src\main\AndroidManifest.xml:91:17-53
	android:name
		ADDED from src\main\AndroidManifest.xml:90:17-72
activity#com.tencent.liteav.demo.shortvideo.joiner.TCVideoJoinerActivity
ADDED from src\main\AndroidManifest.xml:92:9-94:55
	android:screenOrientation
		ADDED from src\main\AndroidManifest.xml:94:17-53
	android:name
		ADDED from src\main\AndroidManifest.xml:93:17-72
activity#com.tencent.liteav.demo.shortvideo.joiner.TCVideoJoinerPreviewActivity
ADDED from src\main\AndroidManifest.xml:95:9-97:55
	android:screenOrientation
		ADDED from src\main\AndroidManifest.xml:97:17-53
	android:name
		ADDED from src\main\AndroidManifest.xml:96:17-79
activity#com.tencent.liteav.demo.shortvideo.editor.TCVideoEditerActivity
ADDED from src\main\AndroidManifest.xml:98:9-102:20
	android:screenOrientation
		ADDED from src\main\AndroidManifest.xml:101:17-53
	android:launchMode
		ADDED from src\main\AndroidManifest.xml:100:13-43
	android:name
		ADDED from src\main\AndroidManifest.xml:99:17-72
activity#com.tencent.liteav.demo.videocall.VideoCallActivity
ADDED from src\main\AndroidManifest.xml:104:9-107:20
	android:screenOrientation
		ADDED from src\main\AndroidManifest.xml:106:17-53
	android:name
		ADDED from src\main\AndroidManifest.xml:105:17-60
meta-data#BUGLY_APPID
ADDED from src\main\AndroidManifest.xml:110:9-112:45
	android:value
		ADDED from src\main\AndroidManifest.xml:112:17-43
	android:name
		ADDED from src\main\AndroidManifest.xml:111:17-43
meta-data#BUGLY_APP_CHANNEL
ADDED from src\main\AndroidManifest.xml:115:9-117:40
	android:value
		ADDED from src\main\AndroidManifest.xml:117:17-38
	android:name
		ADDED from src\main\AndroidManifest.xml:116:17-49
meta-data#BUGLY_ENABLE_DEBUG
ADDED from src\main\AndroidManifest.xml:120:9-122:39
	android:value
		ADDED from src\main\AndroidManifest.xml:122:17-37
	android:name
		ADDED from src\main\AndroidManifest.xml:121:17-50
uses-permission#android.permission.MOUNT_UNMOUNT_FILESYSTEMS
ADDED from [:LiteAVSDK_UGC:] AndroidManifest.xml:13:5-84
	android:name
		ADDED from [:LiteAVSDK_UGC:] AndroidManifest.xml:13:22-81
meta-data#android.support.VERSION
ADDED from [com.android.support:recyclerview-v7:25.3.1] AndroidManifest.xml:22:5-24:34
MERGED from [com.android.support:appcompat-v7:25.3.1] AndroidManifest.xml:25:5-27:34
MERGED from [com.android.support:support-v4:25.3.1] AndroidManifest.xml:25:5-27:34
MERGED from [com.android.support:support-fragment:25.3.1] AndroidManifest.xml:25:5-27:34
MERGED from [com.android.support:support-media-compat:25.3.1] AndroidManifest.xml:25:5-27:34
MERGED from [com.android.support:support-core-ui:25.3.1] AndroidManifest.xml:25:5-27:34
MERGED from [com.android.support:support-core-utils:25.3.1] AndroidManifest.xml:25:5-27:34
MERGED from [com.android.support:animated-vector-drawable:25.3.1] AndroidManifest.xml:22:5-24:34
MERGED from [com.android.support:support-vector-drawable:25.3.1] AndroidManifest.xml:22:5-24:34
MERGED from [com.android.support:support-compat:25.3.1] AndroidManifest.xml:25:5-27:34
	android:value
		ADDED from [com.android.support:recyclerview-v7:25.3.1] AndroidManifest.xml:24:9-31
	android:name
		ADDED from [com.android.support:recyclerview-v7:25.3.1] AndroidManifest.xml:23:9-47